<?xml version="1.0" encoding="UTF-8"?>
<!-- Generated by org.testng.reporters.JUnitReportReporter -->
<testsuite hostname="AKSHAY" failures="0" tests="1" name="com.comcast.crm.contacttest.TestNG.suyfgs4" time="2.131" errors="0" timestamp="2024-05-28T11:27:39 IST" skipped="0">
  <testcase classname="com.comcast.crm.contacttest.TestNG.suyfgs4" name="test" time="2.131"/>
  <system-out/>
</testsuite> <!-- com.comcast.crm.contacttest.TestNG.suyfgs4 -->
