<?xml version="1.0" encoding="UTF-8"?>
<!-- Generated by org.testng.reporters.JUnitReportReporter -->
<testsuite hostname="AKSHAY" failures="0" tests="4" name="com.comcast.crm.orgtest.TestNG.CreateOrgTest" time="42.811" errors="0" timestamp="2024-06-04T15:54:38 IST" skipped="0">
  <testcase classname="com.comcast.crm.orgtest.TestNG.CreateOrgTest" name="DeleteOrg" time="13.152"/>
  <system-out>
    <![CDATA[ faceBook_1292 created successfully
 faceBook_1292 verified in header
faceBook_1292 deleted Successfully]]>
  </system-out>
  <testcase classname="com.comcast.crm.orgtest.TestNG.CreateOrgTest" name="CreateOrgWithIndustry" time="10.165"/>
  <system-out>
    <![CDATA[Validation Successfull]]>
  </system-out>
  <testcase classname="com.comcast.crm.orgtest.TestNG.CreateOrgTest" name="CreateOrg" time="9.955"/>
  <system-out>
    <![CDATA[Validation Successfull]]>
  </system-out>
  <testcase classname="com.comcast.crm.orgtest.TestNG.CreateOrgTest" name="CreateOrgWithPhoneNumber" time="9.539"/>
  <system-out>
    <![CDATA[Validation Successfull]]>
  </system-out>
</testsuite> <!-- com.comcast.crm.orgtest.TestNG.CreateOrgTest -->
