<?xml version="1.0" encoding="UTF-8"?>
<!-- Generated by org.testng.reporters.JUnitReportReporter -->
<testsuite hostname="AKSHAY" failures="0" tests="1" name="com.comcast.crm.contacttest.TestNG.CreateContactWithOrganizationTest" time="33.413" errors="0" timestamp="2024-05-24T15:13:14 IST" skipped="0">
  <testcase classname="com.comcast.crm.contacttest.TestNG.CreateContactWithOrganizationTest" name="CreateContactWithOrganization" time="33.413"/>
  <system-out/>
</testsuite> <!-- com.comcast.crm.contacttest.TestNG.CreateContactWithOrganizationTest -->
