<?xml version="1.0" encoding="UTF-8"?>
<!-- Generated by org.testng.reporters.JUnitReportReporter -->
<testsuite hostname="AKSHAY" failures="0" tests="1" name="com.comcast.crm.contacttest.TestNG.CreateContactTest" time="12.041" errors="0" timestamp="2024-06-07T18:08:43 IST" skipped="0">
  <testcase classname="com.comcast.crm.contacttest.TestNG.CreateContactTest" name="CreateContact" time="12.041"/>
  <system-out>
    <![CDATA[CreateContact done]]>
  </system-out>
</testsuite> <!-- com.comcast.crm.contacttest.TestNG.CreateContactTest -->
