<?xml version="1.0" encoding="UTF-8"?>
<!-- Generated by org.testng.reporters.JUnitReportReporter -->
<testsuite hostname="AKSHAY" failures="0" tests="1" name="com.comcast.crm.contacttest.TestNG.CreateContactWithSupportDateTest" time="23.537" errors="0" timestamp="2024-05-24T15:26:30 IST" skipped="0">
  <testcase classname="com.comcast.crm.contacttest.TestNG.CreateContactWithSupportDateTest" name="CreateContactWithSupportDate" time="23.537"/>
  <system-out/>
</testsuite> <!-- com.comcast.crm.contacttest.TestNG.CreateContactWithSupportDateTest -->
