<?xml version="1.0" encoding="UTF-8"?>
<!-- Generated by org.testng.reporters.JUnitReportReporter -->
<testsuite hostname="AKSHAY" failures="0" tests="3" name="practice.testng.ConfigBefore_AfterClass2" time="0.017" errors="0" timestamp="2024-05-24T10:33:42 IST" skipped="0">
  <testcase classname="practice.testng.ConfigBefore_AfterClass2" name="C" time="0.004"/>
  <system-out/>
  <testcase classname="practice.testng.ConfigBefore_AfterClass2" name="B" time="0.002"/>
  <system-out/>
  <testcase classname="practice.testng.ConfigBefore_AfterClass2" name="A" time="0.011"/>
  <system-out/>
</testsuite> <!-- practice.testng.ConfigBefore_AfterClass2 -->
