<?xml version="1.0" encoding="UTF-8"?>
<!-- Generated by org.testng.reporters.JUnitReportReporter -->
<testsuite hostname="AKSHAY" failures="0" tests="3" name="practice.testng.ConfingAnnotation" time="0.016" errors="0" timestamp="2024-05-23T17:02:26 IST" skipped="0">
  <testcase classname="practice.testng.ConfingAnnotation" name="C" time="0.003"/>
  <system-out/>
  <testcase classname="practice.testng.ConfingAnnotation" name="B" time="0.007"/>
  <system-out/>
  <testcase classname="practice.testng.ConfingAnnotation" name="A" time="0.006"/>
  <system-out/>
</testsuite> <!-- practice.testng.ConfingAnnotation -->
