<?xml version="1.0" encoding="UTF-8"?>
<!-- Generated by org.testng.reporters.JUnitReportReporter -->
<testsuite hostname="AKSHAY" failures="0" tests="3" name="practice.testng.DataFromDP" time="14.578" errors="0" timestamp="2024-05-23T15:37:09 IST" skipped="0">
  <testcase classname="practice.testng.DataFromDP" name="getInfo" time="4.704"/>
  <system-out/>
  <testcase classname="practice.testng.DataFromDP" name="getInfo" time="5.403"/>
  <system-out/>
  <testcase classname="practice.testng.DataFromDP" name="getInfo" time="4.471"/>
  <system-out/>
</testsuite> <!-- practice.testng.DataFromDP -->
