<?xml version="1.0" encoding="UTF-8"?>
<!-- Generated by org.testng.reporters.JUnitReportReporter -->
<testsuite hostname="AKSHAY" failures="0" tests="3" name="practice.testng.Data_providers" time="0.013" errors="0" timestamp="2024-05-23T18:36:28 IST" skipped="0">
  <testcase classname="practice.testng.Data_providers" name="CreateCon" time="0.001"/>
  <system-out/>
  <testcase classname="practice.testng.Data_providers" name="CreateCon" time="0.001"/>
  <system-out/>
  <testcase classname="practice.testng.Data_providers" name="CreateCon" time="0.011"/>
  <system-out/>
</testsuite> <!-- practice.testng.Data_providers -->
