<?xml version="1.0" encoding="UTF-8"?>
<!-- Generated by org.testng.reporters.JUnitReportReporter -->
<testsuite hostname="AKSHAY" failures="0" tests="3" name="practice.testng.ConfigBefore_AfterClass" time="0.010" errors="0" timestamp="2024-05-24T10:33:42 IST" skipped="0">
  <testcase classname="practice.testng.ConfigBefore_AfterClass" name="B" time="0.004"/>
  <system-out/>
  <testcase classname="practice.testng.ConfigBefore_AfterClass" name="A" time="0.002"/>
  <system-out/>
  <testcase classname="practice.testng.ConfigBefore_AfterClass" name="C" time="0.004"/>
  <system-out/>
</testsuite> <!-- practice.testng.ConfigBefore_AfterClass -->
