<?xml version="1.0" encoding="UTF-8"?>
<!-- Generated by org.testng.reporters.JUnitXMLReporter -->
<testsuite ignored="3" hostname="AKSHAY" failures="0" tests="1" name="Test-Chrome" time="27.414" errors="0" timestamp="2024-05-28T12:07:27 IST">
  <testcase classname="com.comcast.crm.orgtest.TestNG.CreateOrgTest" name="CreateOrg" time="17.04"/>
  <testcase classname="com.comcast.crm.orgtest.TestNG.CreateOrgTest" name="CreateOrgWithIndustry" time="0.0">
    <ignored/>
  </testcase> <!-- CreateOrgWithIndustry -->
  <testcase classname="com.comcast.crm.orgtest.TestNG.CreateOrgTest" name="CreateOrgWithPhoneNumber" time="0.0">
    <ignored/>
  </testcase> <!-- CreateOrgWithPhoneNumber -->
  <testcase classname="com.comcast.crm.orgtest.TestNG.CreateOrgTest" name="DeleteOrg" time="0.0">
    <ignored/>
  </testcase> <!-- DeleteOrg -->
</testsuite> <!-- Test-Chrome -->
